<?xml version="1.0" encoding="UTF-8"?>
<!-- Generated by org.testng.reporters.JUnitXMLReporter -->
<testsuite hostname="LAPTOP-29E7URT6" ignored="10" name="XYZ-functionality" tests="6" failures="2" timestamp="15 Aug 2021 05:06:53 GMT" time="175.657" errors="0">
  <testcase name="loginToMyStore" time="26.312" classname="co.in.bymat.projectName.ModuleName.testCases.LoginToMyStore"/>
  <testcase name="loginToMyStore2" time="26.089" classname="co.in.bymat.projectName.ModuleName.testCases.LoginToMyStore2"/>
  <testcase name="loginToMyStore3" time="24.002" classname="co.in.bymat.projectName.ModuleName.testCases.LoginToMyStore3"/>
  <testcase name="loginToMyStore4" time="21.207" classname="co.in.bymat.projectName.ModuleName.testCases.LoginToMyStore4">
    <failure type="java.lang.IllegalArgumentException" message="Cannot find elements when the XPath is null.">
      <![CDATA[java.lang.IllegalArgumentException: Cannot find elements when the XPath is null.
at org.openqa.selenium.By$ByXPath.<init>(By.java:339)
at org.openqa.selenium.By.xpath(By.java:92)
at co.in.bymat.projectName.ModuleName.utility.CommonMethods.getText(CommonMethods.java:41)
at co.in.bymat.projectName.ModuleName.testCases.LoginToMyStore4.loginToMyStore4(LoginToMyStore4.java:32)
... Removed 25 stack frames]]>
    </failure>
  </testcase> <!-- loginToMyStore4 -->
  <testcase name="loginToMyStore5" time="16.492" classname="co.in.bymat.projectName.ModuleName.testCases.LoginToMyStore5">
    <failure type="java.lang.AssertionError" message="expected [My St] but found [My Store]">
      <![CDATA[java.lang.AssertionError: expected [My St] but found [My Store]
at co.in.bymat.projectName.ModuleName.pages.HomePage.createAnAccount(HomePage.java:16)
at co.in.bymat.projectName.ModuleName.testCases.LoginToMyStore5.loginToMyStore5(LoginToMyStore5.java:28)
... Removed 31 stack frames]]>
    </failure>
  </testcase> <!-- loginToMyStore5 -->
  <testcase name="loginToMyStore6" time="19.916" classname="co.in.bymat.projectName.ModuleName.testCases.LoginToMyStore6"/>
  <testcase name="@BeforeSuite initialization" time="0.0" classname="co.in.bymat.projectName.ModuleName.testBase.TestBase_B9">
    <ignored/>
  </testcase> <!-- @BeforeSuite initialization -->
  <testcase name="@BeforeSuite initialization" time="0.0" classname="co.in.bymat.projectName.ModuleName.testBase.TestBase_B9">
    <ignored/>
  </testcase> <!-- @BeforeSuite initialization -->
  <testcase name="@BeforeSuite initialization" time="0.0" classname="co.in.bymat.projectName.ModuleName.testBase.TestBase_B9">
    <ignored/>
  </testcase> <!-- @BeforeSuite initialization -->
  <testcase name="@BeforeSuite initialization" time="0.0" classname="co.in.bymat.projectName.ModuleName.testBase.TestBase_B9">
    <ignored/>
  </testcase> <!-- @BeforeSuite initialization -->
  <testcase name="@BeforeSuite initialization" time="0.0" classname="co.in.bymat.projectName.ModuleName.testBase.TestBase_B9">
    <ignored/>
  </testcase> <!-- @BeforeSuite initialization -->
  <testcase name="@AfterSuite endReport" time="0.0" classname="co.in.bymat.projectName.ModuleName.testBase.TestBase_B9">
    <ignored/>
  </testcase> <!-- @AfterSuite endReport -->
  <testcase name="@AfterSuite endReport" time="0.0" classname="co.in.bymat.projectName.ModuleName.testBase.TestBase_B9">
    <ignored/>
  </testcase> <!-- @AfterSuite endReport -->
  <testcase name="@AfterSuite endReport" time="0.0" classname="co.in.bymat.projectName.ModuleName.testBase.TestBase_B9">
    <ignored/>
  </testcase> <!-- @AfterSuite endReport -->
  <testcase name="@AfterSuite endReport" time="0.0" classname="co.in.bymat.projectName.ModuleName.testBase.TestBase_B9">
    <ignored/>
  </testcase> <!-- @AfterSuite endReport -->
  <testcase name="@AfterSuite endReport" time="0.0" classname="co.in.bymat.projectName.ModuleName.testBase.TestBase_B9">
    <ignored/>
  </testcase> <!-- @AfterSuite endReport -->
</testsuite> <!-- XYZ-functionality -->
