<html>
<head>
<title>TestNG:  XYZ-functionality</title>
<link href="../testng.css" rel="stylesheet" type="text/css" />
<link href="../my-testng.css" rel="stylesheet" type="text/css" />

<style type="text/css">
.log { display: none;} 
.stack-trace { display: none;} 
</style>
<script type="text/javascript">
<!--
function flip(e) {
  current = e.style.display;
  if (current == 'block') {
    e.style.display = 'none';
    return 0;
  }
  else {
    e.style.display = 'block';
    return 1;
  }
}

function toggleBox(szDivId, elem, msg1, msg2)
{
  var res = -1;  if (document.getElementById) {
    res = flip(document.getElementById(szDivId));
  }
  else if (document.all) {
    // this is the way old msie versions work
    res = flip(document.all[szDivId]);
  }
  if(elem) {
    if(res == 0) elem.innerHTML = msg1; else elem.innerHTML = msg2;
  }

}

function toggleAllBoxes() {
  if (document.getElementsByTagName) {
    d = document.getElementsByTagName('div');
    for (i = 0; i < d.length; i++) {
      if (d[i].className == 'log') {
        flip(d[i]);
      }
    }
  }
}

// -->
</script>

</head>
<body>
<h2 align='center'>XYZ-functionality</h2><table border='1' align="center">
<tr>
<td>Tests passed/Failed/Skipped:</td><td>4/2/0</td>
</tr><tr>
<td>Started on:</td><td>Sun Aug 15 10:33:57 IST 2021</td>
</tr>
<tr><td>Total time:</td><td>175 seconds (175657 ms)</td>
</tr><tr>
<td>Included groups:</td><td></td>
</tr><tr>
<td>Excluded groups:</td><td></td>
</tr>
</table><p/>
<small><i>(Hover the method name to see the test class name)</i></small><p/>
<table width='100%' border='1' class='invocation-failed'>
<tr><td colspan='4' align='center'><b>FAILED TESTS</b></td></tr>
<tr><td><b>Test method</b></td>
<td width="30%"><b>Exception</b></td>
<td width="10%"><b>Time (seconds)</b></td>
<td><b>Instance</b></td>
</tr>
<tr>
<td title='co.in.bymat.projectName.ModuleName.testCases.LoginToMyStore4.loginToMyStore4()'><b>loginToMyStore4</b><br>Test class: co.in.bymat.projectName.ModuleName.testCases.LoginToMyStore4<br>Parameters: {Name=Madar, Page_Title=My Store, Email_ID=Mandar@gmail.com, Sr.No=1, Page_Text=CREATE AN ACCOUNT, City=Pune, ContactNo=1234567893}</td>
<td><div><pre>java.lang.IllegalArgumentException: Cannot find elements when the XPath is null.
	at org.openqa.selenium.By$ByXPath.&lt;init&gt;(By.java:339)
	at org.openqa.selenium.By.xpath(By.java:92)
	at co.in.bymat.projectName.ModuleName.utility.CommonMethods.getText(CommonMethods.java:41)
	at co.in.bymat.projectName.ModuleName.testCases.LoginToMyStore4.loginToMyStore4(LoginToMyStore4.java:32)
... Removed 25 stack frames</pre></div><a href='#' onClick='toggleBox("stack-trace1235635586", this, "Click to show all stack frames", "Click to hide stack frames")'>Click to show all stack frames</a>
<div class='stack-trace' id='stack-trace1235635586'><pre>java.lang.IllegalArgumentException: Cannot find elements when the XPath is null.
	at org.openqa.selenium.By$ByXPath.&lt;init&gt;(By.java:339)
	at org.openqa.selenium.By.xpath(By.java:92)
	at co.in.bymat.projectName.ModuleName.utility.CommonMethods.getText(CommonMethods.java:41)
	at co.in.bymat.projectName.ModuleName.testCases.LoginToMyStore4.loginToMyStore4(LoginToMyStore4.java:32)
	at sun.reflect.NativeMethodAccessorImpl.invoke0(Native Method)
	at sun.reflect.NativeMethodAccessorImpl.invoke(Unknown Source)
	at sun.reflect.DelegatingMethodAccessorImpl.invoke(Unknown Source)
	at java.lang.reflect.Method.invoke(Unknown Source)
	at org.testng.internal.MethodInvocationHelper.invokeMethod(MethodInvocationHelper.java:124)
	at org.testng.internal.Invoker.invokeMethod(Invoker.java:583)
	at org.testng.internal.Invoker.invokeTestMethod(Invoker.java:719)
	at org.testng.internal.Invoker.invokeTestMethods(Invoker.java:989)
	at org.testng.internal.TestMethodWorker.invokeTestMethods(TestMethodWorker.java:125)
	at org.testng.internal.TestMethodWorker.run(TestMethodWorker.java:109)
	at org.testng.TestRunner.privateRun(TestRunner.java:648)
	at org.testng.TestRunner.run(TestRunner.java:505)
	at org.testng.SuiteRunner.runTest(SuiteRunner.java:455)
	at org.testng.SuiteRunner.runSequentially(SuiteRunner.java:450)
	at org.testng.SuiteRunner.privateRun(SuiteRunner.java:415)
	at org.testng.SuiteRunner.run(SuiteRunner.java:364)
	at org.testng.SuiteRunnerWorker.runSuite(SuiteRunnerWorker.java:52)
	at org.testng.SuiteRunnerWorker.run(SuiteRunnerWorker.java:84)
	at org.testng.TestNG.runSuitesSequentially(TestNG.java:1208)
	at org.testng.TestNG.runSuitesLocally(TestNG.java:1137)
	at org.testng.TestNG.runSuites(TestNG.java:1049)
	at org.testng.TestNG.run(TestNG.java:1017)
	at org.testng.remote.AbstractRemoteTestNG.run(AbstractRemoteTestNG.java:115)
	at org.testng.remote.RemoteTestNG.initAndRun(RemoteTestNG.java:251)
	at org.testng.remote.RemoteTestNG.main(RemoteTestNG.java:77)
</pre></div></td>
<td>21</td>
<td>co.in.bymat.projectName.ModuleName.testCases.LoginToMyStore4@6500df86</td></tr>
<tr>
<td title='co.in.bymat.projectName.ModuleName.testCases.LoginToMyStore5.loginToMyStore5()'><b>loginToMyStore5</b><br>Test class: co.in.bymat.projectName.ModuleName.testCases.LoginToMyStore5<br>Parameters: {Name=SivaTC5, Page_Title=My St, Email_ID=siva@gmail.com, Sr.No=1, Page_Text=CREATE AN ACCOUNT, City=HYD, ContactNo=1234567893}</td>
<td><div><pre>java.lang.AssertionError: expected [My St] but found [My Store]
	at co.in.bymat.projectName.ModuleName.pages.HomePage.createAnAccount(HomePage.java:16)
	at co.in.bymat.projectName.ModuleName.testCases.LoginToMyStore5.loginToMyStore5(LoginToMyStore5.java:28)
... Removed 31 stack frames</pre></div><a href='#' onClick='toggleBox("stack-trace1851522556", this, "Click to show all stack frames", "Click to hide stack frames")'>Click to show all stack frames</a>
<div class='stack-trace' id='stack-trace1851522556'><pre>java.lang.AssertionError: expected [My St] but found [My Store]
	at org.testng.Assert.fail(Assert.java:96)
	at org.testng.Assert.failNotEquals(Assert.java:776)
	at org.testng.Assert.assertEqualsImpl(Assert.java:137)
	at org.testng.Assert.assertEquals(Assert.java:118)
	at org.testng.Assert.assertEquals(Assert.java:453)
	at org.testng.Assert.assertEquals(Assert.java:463)
	at co.in.bymat.projectName.ModuleName.pages.HomePage.createAnAccount(HomePage.java:16)
	at co.in.bymat.projectName.ModuleName.testCases.LoginToMyStore5.loginToMyStore5(LoginToMyStore5.java:28)
	at sun.reflect.NativeMethodAccessorImpl.invoke0(Native Method)
	at sun.reflect.NativeMethodAccessorImpl.invoke(Unknown Source)
	at sun.reflect.DelegatingMethodAccessorImpl.invoke(Unknown Source)
	at java.lang.reflect.Method.invoke(Unknown Source)
	at org.testng.internal.MethodInvocationHelper.invokeMethod(MethodInvocationHelper.java:124)
	at org.testng.internal.Invoker.invokeMethod(Invoker.java:583)
	at org.testng.internal.Invoker.invokeTestMethod(Invoker.java:719)
	at org.testng.internal.Invoker.invokeTestMethods(Invoker.java:989)
	at org.testng.internal.TestMethodWorker.invokeTestMethods(TestMethodWorker.java:125)
	at org.testng.internal.TestMethodWorker.run(TestMethodWorker.java:109)
	at org.testng.TestRunner.privateRun(TestRunner.java:648)
	at org.testng.TestRunner.run(TestRunner.java:505)
	at org.testng.SuiteRunner.runTest(SuiteRunner.java:455)
	at org.testng.SuiteRunner.runSequentially(SuiteRunner.java:450)
	at org.testng.SuiteRunner.privateRun(SuiteRunner.java:415)
	at org.testng.SuiteRunner.run(SuiteRunner.java:364)
	at org.testng.SuiteRunnerWorker.runSuite(SuiteRunnerWorker.java:52)
	at org.testng.SuiteRunnerWorker.run(SuiteRunnerWorker.java:84)
	at org.testng.TestNG.runSuitesSequentially(TestNG.java:1208)
	at org.testng.TestNG.runSuitesLocally(TestNG.java:1137)
	at org.testng.TestNG.runSuites(TestNG.java:1049)
	at org.testng.TestNG.run(TestNG.java:1017)
	at org.testng.remote.AbstractRemoteTestNG.run(AbstractRemoteTestNG.java:115)
	at org.testng.remote.RemoteTestNG.initAndRun(RemoteTestNG.java:251)
	at org.testng.remote.RemoteTestNG.main(RemoteTestNG.java:77)
</pre></div></td>
<td>16</td>
<td>co.in.bymat.projectName.ModuleName.testCases.LoginToMyStore5@402a079c</td></tr>
</table><p>
<table width='100%' border='1' class='invocation-passed'>
<tr><td colspan='4' align='center'><b>PASSED TESTS</b></td></tr>
<tr><td><b>Test method</b></td>
<td width="30%"><b>Exception</b></td>
<td width="10%"><b>Time (seconds)</b></td>
<td><b>Instance</b></td>
</tr>
<tr>
<td title='co.in.bymat.projectName.ModuleName.testCases.LoginToMyStore.loginToMyStore()'><b>loginToMyStore</b><br>Test class: co.in.bymat.projectName.ModuleName.testCases.LoginToMyStore<br>Parameters: {Name=Deepali, Page_Title=My Store, Email_ID=Deepali@gmail.com, Sr.No=1, Page_Text=CREATE AN ACCOUNT, City=Noida, ContactNo=98582345632}</td>
<td></td>
<td>26</td>
<td>co.in.bymat.projectName.ModuleName.testCases.LoginToMyStore@271053e1</td></tr>
<tr>
<td title='co.in.bymat.projectName.ModuleName.testCases.LoginToMyStore2.loginToMyStore2()'><b>loginToMyStore2</b><br>Test class: co.in.bymat.projectName.ModuleName.testCases.LoginToMyStore2<br>Parameters: {Name=Lipika, Page_Title=My Store, Email_ID=Lipika@gmail.com, Sr.No=1, Page_Text=CREATE AN ACCOUNT, City=Odisa, ContactNo=1234567893}</td>
<td></td>
<td>26</td>
<td>co.in.bymat.projectName.ModuleName.testCases.LoginToMyStore2@589838eb</td></tr>
<tr>
<td title='co.in.bymat.projectName.ModuleName.testCases.LoginToMyStore3.loginToMyStore3()'><b>loginToMyStore3</b><br>Test class: co.in.bymat.projectName.ModuleName.testCases.LoginToMyStore3<br>Parameters: {Name=Siva, Page_Title=My Store, Email_ID=siva@gmail.com, Sr.No=1, Page_Text=CREATE AN ACCOUNT, City=HYD, ContactNo=1234567893}</td>
<td></td>
<td>24</td>
<td>co.in.bymat.projectName.ModuleName.testCases.LoginToMyStore3@42dafa95</td></tr>
<tr>
<td title='co.in.bymat.projectName.ModuleName.testCases.LoginToMyStore6.loginToMyStore6()'><b>loginToMyStore6</b><br>Test class: co.in.bymat.projectName.ModuleName.testCases.LoginToMyStore6<br>Parameters: {Name=MadarTC6, Page_Title=My Store, Email_ID=Mandar@gmail.com, Sr.No=1, Page_Text=CREATE AN ACCOUNT, City=Pune, ContactNo=1234567893}</td>
<td></td>
<td>19</td>
<td>co.in.bymat.projectName.ModuleName.testCases.LoginToMyStore6@59ec2012</td></tr>
</table><p>
</body>
</html>